# JRE version: OpenJDK Runtime Environment (21.0.10) (build 21.0.10+-14961533-b1163.108)
# Java VM: OpenJDK 64-Bit Server VM (21.0.10+-14961533-b1163.108, mixed mode, tiered, compressed oops, compressed class ptrs, g1 gc, windows-amd64)
GC Precious Log:
 CardTable entry size: 512
 Card Set container configuration: InlinePtr #cards 5 size 8 Array Of Cards #cards 12 size 40 Howl #buckets 4 coarsen threshold 1843 Howl Bitmap #cards 512 size 80 coarsen threshold 460 Card regions per heap region 1 cards per card region 2048
 CPUs: 8 total, 8 available
 Memory: 16133M
 Large Page Support: Disabled
 NUMA Support: Disabled
 Compressed Oops: Enabled (32-bit)
 Heap Region Size: 1M
 Heap Min Capacity: 8M
 Heap Initial Capacity: 254M
 Heap Max Capacity: 2G
 Pre-touch: Disabled
 Parallel Workers: 8
 Concurrent Workers: 2
 Concurrent Refinement Workers: 8
 Periodic GC: Disabled
Heap:
 garbage-first heap   total 227328K, used 133413K [0x0000000080000000, 0x0000000100000000)
  region size 1024K, 5 young (5120K), 5 survivors (5120K)
 Metaspace       used 123392K, committed 125632K, reserved 557056K
  class space    used 17367K, committed 18496K, reserved 425984K
GC Heap History (20 events):
Event: 11.215 GC heap after
{Heap after GC invocations=38 (full 0):
 garbage-first heap   total 152576K, used 98370K [0x0000000080000000, 0x0000000100000000)
  region size 1024K, 5 young (5120K), 5 survivors (5120K)
 Metaspace       used 97561K, committed 99456K, reserved 557056K
  class space    used 13539K, committed 14464K, reserved 425984K
}
Event: 11.663 GC heap before
{Heap before GC invocations=39 (full 0):
 garbage-first heap   total 165888K, used 141378K [0x0000000080000000, 0x0000000100000000)
  region size 1024K, 46 young (47104K), 5 survivors (5120K)
 Metaspace       used 100473K, committed 102400K, reserved 557056K
  class space    used 14012K, committed 14976K, reserved 425984K
}
Event: 11.665 GC heap after
{Heap after GC invocations=40 (full 0):
 garbage-first heap   total 165888K, used 99568K [0x0000000080000000, 0x0000000100000000)
  region size 1024K, 2 young (2048K), 2 survivors (2048K)
 Metaspace       used 100473K, committed 102400K, reserved 557056K
  class space    used 14012K, committed 14976K, reserved 425984K
}
Event: 12.224 GC heap before
{Heap before GC invocations=40 (full 0):
 garbage-first heap   total 165888K, used 152816K [0x0000000080000000, 0x0000000100000000)
  region size 1024K, 54 young (55296K), 2 survivors (2048K)
 Metaspace       used 104379K, committed 106368K, reserved 557056K
  class space    used 14685K, committed 15616K, reserved 425984K
}
Event: 12.227 GC heap after
{Heap after GC invocations=41 (full 0):
 garbage-first heap   total 165888K, used 99964K [0x0000000080000000, 0x0000000100000000)
  region size 1024K, 4 young (4096K), 4 survivors (4096K)
 Metaspace       used 104379K, committed 106368K, reserved 557056K
  class space    used 14685K, committed 15616K, reserved 425984K
}
Event: 13.268 GC heap before
{Heap before GC invocations=41 (full 0):
 garbage-first heap   total 165888K, used 153212K [0x0000000080000000, 0x0000000100000000)
  region size 1024K, 56 young (57344K), 4 survivors (4096K)
 Metaspace       used 108182K, committed 110208K, reserved 557056K
  class space    used 15270K, committed 16256K, reserved 425984K
}
Event: 13.272 GC heap after
{Heap after GC invocations=42 (full 0):
 garbage-first heap   total 165888K, used 102687K [0x0000000080000000, 0x0000000100000000)
  region size 1024K, 6 young (6144K), 6 survivors (6144K)
 Metaspace       used 108182K, committed 110208K, reserved 557056K
  class space    used 15270K, committed 16256K, reserved 425984K
}
Event: 13.911 GC heap before
{Heap before GC invocations=43 (full 0):
 garbage-first heap   total 173056K, used 154911K [0x0000000080000000, 0x0000000100000000)
  region size 1024K, 57 young (58368K), 6 survivors (6144K)
 Metaspace       used 111613K, committed 113664K, reserved 557056K
  class space    used 15867K, committed 16896K, reserved 425984K
}
Event: 13.916 GC heap after
{Heap after GC invocations=44 (full 0):
 garbage-first heap   total 173056K, used 104840K [0x0000000080000000, 0x0000000100000000)
  region size 1024K, 5 young (5120K), 5 survivors (5120K)
 Metaspace       used 111613K, committed 113664K, reserved 557056K
  class space    used 15867K, committed 16896K, reserved 425984K
}
Event: 14.671 GC heap before
{Heap before GC invocations=44 (full 0):
 garbage-first heap   total 173056K, used 162184K [0x0000000080000000, 0x0000000100000000)
  region size 1024K, 61 young (62464K), 5 survivors (5120K)
 Metaspace       used 115821K, committed 117888K, reserved 557056K
  class space    used 16419K, committed 17408K, reserved 425984K
}
Event: 14.678 GC heap after
{Heap after GC invocations=45 (full 0):
 garbage-first heap   total 174080K, used 108544K [0x0000000080000000, 0x0000000100000000)
  region size 1024K, 7 young (7168K), 7 survivors (7168K)
 Metaspace       used 115821K, committed 117888K, reserved 557056K
  class space    used 16419K, committed 17408K, reserved 425984K
}
Event: 15.386 GC heap before
{Heap before GC invocations=45 (full 0):
 garbage-first heap   total 174080K, used 163840K [0x0000000080000000, 0x0000000100000000)
  region size 1024K, 61 young (62464K), 7 survivors (7168K)
 Metaspace       used 116429K, committed 118464K, reserved 557056K
  class space    used 16490K, committed 17472K, reserved 425984K
}
Event: 15.395 GC heap after
{Heap after GC invocations=46 (full 0):
 garbage-first heap   total 179200K, used 116565K [0x0000000080000000, 0x0000000100000000)
  region size 1024K, 8 young (8192K), 8 survivors (8192K)
 Metaspace       used 116429K, committed 118464K, reserved 557056K
  class space    used 16490K, committed 17472K, reserved 425984K
}
Event: 16.523 GC heap before
{Heap before GC invocations=47 (full 0):
 garbage-first heap   total 194560K, used 164693K [0x0000000080000000, 0x0000000100000000)
  region size 1024K, 56 young (57344K), 8 survivors (8192K)
 Metaspace       used 118959K, committed 121152K, reserved 557056K
  class space    used 16909K, committed 17984K, reserved 425984K
}
Event: 16.534 GC heap after
{Heap after GC invocations=48 (full 0):
 garbage-first heap   total 194560K, used 124315K [0x0000000080000000, 0x0000000100000000)
  region size 1024K, 7 young (7168K), 7 survivors (7168K)
 Metaspace       used 118959K, committed 121152K, reserved 557056K
  class space    used 16909K, committed 17984K, reserved 425984K
}
Event: 17.111 GC heap before
{Heap before GC invocations=48 (full 0):
 garbage-first heap   total 194560K, used 176539K [0x0000000080000000, 0x0000000100000000)
  region size 1024K, 59 young (60416K), 7 survivors (7168K)
 Metaspace       used 119001K, committed 121216K, reserved 557056K
  class space    used 16913K, committed 17984K, reserved 425984K
}
Event: 17.119 GC heap after
{Heap after GC invocations=49 (full 0):
 garbage-first heap   total 194560K, used 127546K [0x0000000080000000, 0x0000000100000000)
  region size 1024K, 5 young (5120K), 5 survivors (5120K)
 Metaspace       used 119001K, committed 121216K, reserved 557056K
  class space    used 16913K, committed 17984K, reserved 425984K
}
Event: 17.736 GC heap before
{Heap before GC invocations=49 (full 0):
 garbage-first heap   total 194560K, used 169530K [0x0000000080000000, 0x0000000100000000)
  region size 1024K, 48 young (49152K), 5 survivors (5120K)
 Metaspace       used 119359K, committed 121536K, reserved 557056K
  class space    used 16975K, committed 18048K, reserved 425984K
}
Event: 17.761 GC heap after
{Heap after GC invocations=50 (full 0):
 garbage-first heap   total 194560K, used 130231K [0x0000000080000000, 0x0000000100000000)
  region size 1024K, 5 young (5120K), 5 survivors (5120K)
 Metaspace       used 119359K, committed 121536K, reserved 557056K
  class space    used 16975K, committed 18048K, reserved 425984K
}
Event: 19.241 GC heap before
{Heap before GC invocations=51 (full 0):
 garbage-first heap   total 227328K, used 183479K [0x0000000080000000, 0x0000000100000000)
  region size 1024K, 53 young (54272K), 5 survivors (5120K)
 Metaspace       used 123392K, committed 125632K, reserved 557056K
  class space    used 17367K, committed 18496K, reserved 425984K
}

